<?xml version="1.0" encoding="UTF-8"?>
<!-- Generated by org.testng.reporters.JUnitReportReporter -->
<testsuite hostname="System-Alik" failures="0" tests="3" name="com.test.Main.WebDevelopment" time="38.167" errors="0" timestamp="2022-05-29T19:02:50 IST" skipped="0">
  <testcase classname="com.test.Main.WebDevelopment" name="findWebCourse" time="18.391"/>
  <system-out/>
  <testcase classname="com.test.Main.WebDevelopment" name="searchWebCourse" time="18.306"/>
  <system-out/>
  <testcase classname="com.test.Main.WebDevelopment" name="findDetails" time="1.470"/>
  <system-out/>
</testsuite> <!-- com.test.Main.WebDevelopment -->
